<?xml version="1.0" encoding="UTF-8"?>
<!-- Generated by org.testng.reporters.JUnitReportReporter -->
<testsuite hostname="Himanya" failures="0" tests="1" name="Gitpractice.Branchingpractice" time="0.045" errors="0" timestamp="2023-04-14T11:00:22 IST" skipped="0">
  <testcase classname="Gitpractice.Branchingpractice" name="branch" time="0.045"/>
  <system-out/>
</testsuite> <!-- Gitpractice.Branchingpractice -->
