<?xml version="1.0" encoding="UTF-8"?>
<!-- Generated by org.testng.reporters.JUnitReportReporter -->
<testsuite hostname="Himanya" failures="0" tests="1" name="Gitpractice.Demogit" time="0.009" errors="0" timestamp="2023-04-12T16:49:05 IST" skipped="0">
  <testcase classname="Gitpractice.Demogit" name="demogit" time="0.009"/>
  <system-out/>
</testsuite> <!-- Gitpractice.Demogit -->
