<?xml version="1.0" encoding="UTF-8"?>
<!-- Generated by org.testng.reporters.JUnitReportReporter -->
<testsuite hostname="DESKTOP-EMEUA3I" failures="0" tests="1" name="Gitpractice.Demogit" time="0.018" errors="0" timestamp="2023-04-13T14:00:27 IST" skipped="0">
  <testcase classname="Gitpractice.Demogit" name="demogit" time="0.018"/>
  <system-out/>
</testsuite> <!-- Gitpractice.Demogit -->
