<?xml version="1.0" encoding="UTF-8"?>
<!-- Generated by org.testng.reporters.JUnitReportReporter -->
<testsuite hostname="DESKTOP-EMEUA3I" failures="0" tests="1" name="Gitpractice.SampleSana" time="0.019" errors="0" timestamp="2023-04-14T11:00:48 IST" skipped="0">
  <testcase classname="Gitpractice.SampleSana" name="sample" time="0.019"/>
  <system-out/>
</testsuite> <!-- Gitpractice.SampleSana -->
